<?xml version="1.0" encoding="UTF-8"?>
<!-- Generated by org.testng.reporters.JUnitReportReporter -->
<testsuite hostname="DESKTOP-QUGDN71" failures="0" tests="2" name="RestTesting.TestNG" time="0.003" errors="0" timestamp="16 Mar 2022 07:16:59 GMT">
  <testcase classname="RestTesting.TestNG" name="testcase2" time="0.001"/>
  <testcase classname="RestTesting.TestNG" name="testcase1" time="0.002"/>
</testsuite> <!-- RestTesting.TestNG -->
