<?xml version="1.0" encoding="UTF-8"?>
<!-- Generated by org.testng.reporters.JUnitReportReporter -->
<testsuite hostname="DESKTOP-QUGDN71" failures="0" tests="2" name="RestTesting.Ecommerce" time="14.524" errors="0" timestamp="15 Mar 2022 16:40:15 GMT">
  <testcase classname="RestTesting.Ecommerce" name="Login" time="5.880"/>
  <testcase classname="RestTesting.Ecommerce" name="signup" time="8.644"/>
</testsuite> <!-- RestTesting.Ecommerce -->
