<?xml version="1.0" encoding="UTF-8"?>
<!-- Generated by org.testng.reporters.JUnitReportReporter -->
<testsuite hostname="DESKTOP-QUGDN71" failures="0" tests="2" name="RestTesting.TestNG" time="0.012" errors="0" timestamp="15 Mar 2022 16:39:32 GMT">
  <testcase classname="RestTesting.TestNG" name="testcase1" time="0.006"/>
  <testcase classname="RestTesting.TestNG" name="testcase2" time="0.006"/>
</testsuite> <!-- RestTesting.TestNG -->
