<?xml version="1.0" encoding="UTF-8"?>
<!-- Generated by org.testng.reporters.JUnitReportReporter -->
<testsuite hostname="DESKTOP-QUGDN71" failures="0" tests="3" name="RestTesting.Trello" time="6.047" errors="0" timestamp="15 Mar 2022 15:21:36 GMT">
  <testcase classname="RestTesting.Trello" name="DeleteBoard" time="1.006"/>
  <testcase classname="RestTesting.Trello" name="createBoard" time="4.208"/>
  <testcase classname="RestTesting.Trello" name="getBoard" time="0.833"/>
</testsuite> <!-- RestTesting.Trello -->
